# JRE version: OpenJDK Runtime Environment Temurin-11.0.30+7 (11.0.30+7) (build 11.0.30+7)
# Java VM: OpenJDK 64-Bit Server VM Temurin-11.0.30+7 (11.0.30+7, mixed mode, tiered, compressed oops, g1 gc, windows-amd64)
Heap:
 garbage-first heap   total 131072K, used 81247K [0x00000000f0000000, 0x0000000100000000)
  region size 1024K, 13 young (13312K), 5 survivors (5120K)
 Metaspace       used 35131K, capacity 35959K, committed 36272K, reserved 1081344K
  class space    used 3660K, capacity 3983K, committed 4096K, reserved 1048576K
GC Heap History (20 events):
Event: 3.183 GC heap before
{Heap before GC invocations=3 (full 0):
 garbage-first heap   total 131072K, used 54586K [0x00000000f0000000, 0x0000000100000000)
  region size 1024K, 51 young (52224K), 2 survivors (2048K)
 Metaspace       used 20575K, capacity 20932K, committed 21120K, reserved 1069056K
  class space    used 2173K, capacity 2321K, committed 2432K, reserved 1048576K
}
Event: 3.197 GC heap after
{Heap after GC invocations=4 (full 0):
 garbage-first heap   total 131072K, used 9734K [0x00000000f0000000, 0x0000000100000000)
  region size 1024K, 7 young (7168K), 7 survivors (7168K)
 Metaspace       used 20575K, capacity 20932K, committed 21120K, reserved 1069056K
  class space    used 2173K, capacity 2321K, committed 2432K, reserved 1048576K
}
Event: 3.340 GC heap before
{Heap before GC invocations=4 (full 0):
 garbage-first heap   total 131072K, used 23046K [0x00000000f0000000, 0x0000000100000000)
  region size 1024K, 21 young (21504K), 7 survivors (7168K)
 Metaspace       used 20783K, capacity 21127K, committed 21296K, reserved 1069056K
  class space    used 2178K, capacity 2322K, committed 2432K, reserved 1048576K
}
Event: 3.357 GC heap after
{Heap after GC invocations=5 (full 0):
 garbage-first heap   total 131072K, used 12146K [0x00000000f0000000, 0x0000000100000000)
  region size 1024K, 3 young (3072K), 3 survivors (3072K)
 Metaspace       used 20783K, capacity 21127K, committed 21296K, reserved 1069056K
  class space    used 2178K, capacity 2322K, committed 2432K, reserved 1048576K
}
Event: 4.382 GC heap before
{Heap before GC invocations=6 (full 0):
 garbage-first heap   total 131072K, used 86898K [0x00000000f0000000, 0x0000000100000000)
  region size 1024K, 76 young (77824K), 3 survivors (3072K)
 Metaspace       used 21430K, capacity 21763K, committed 22064K, reserved 1069056K
  class space    used 2216K, capacity 2362K, committed 2432K, reserved 1048576K
}
Event: 4.400 GC heap after
{Heap after GC invocations=7 (full 0):
 garbage-first heap   total 131072K, used 19007K [0x00000000f0000000, 0x0000000100000000)
  region size 1024K, 10 young (10240K), 10 survivors (10240K)
 Metaspace       used 21430K, capacity 21763K, committed 22064K, reserved 1069056K
  class space    used 2216K, capacity 2362K, committed 2432K, reserved 1048576K
}
Event: 5.246 GC heap before
{Heap before GC invocations=7 (full 0):
 garbage-first heap   total 131072K, used 86591K [0x00000000f0000000, 0x0000000100000000)
  region size 1024K, 76 young (77824K), 10 survivors (10240K)
 Metaspace       used 21787K, capacity 22154K, committed 22320K, reserved 1069056K
  class space    used 2218K, capacity 2364K, committed 2432K, reserved 1048576K
}
Event: 5.271 GC heap after
{Heap after GC invocations=8 (full 0):
 garbage-first heap   total 131072K, used 26326K [0x00000000f0000000, 0x0000000100000000)
  region size 1024K, 8 young (8192K), 8 survivors (8192K)
 Metaspace       used 21787K, capacity 22154K, committed 22320K, reserved 1069056K
  class space    used 2218K, capacity 2364K, committed 2432K, reserved 1048576K
}
Event: 6.690 GC heap before
{Heap before GC invocations=8 (full 0):
 garbage-first heap   total 131072K, used 92886K [0x00000000f0000000, 0x0000000100000000)
  region size 1024K, 73 young (74752K), 8 survivors (8192K)
 Metaspace       used 23226K, capacity 23718K, committed 23984K, reserved 1071104K
  class space    used 2344K, capacity 2543K, committed 2560K, reserved 1048576K
}
Event: 6.711 GC heap after
{Heap after GC invocations=9 (full 0):
 garbage-first heap   total 131072K, used 31670K [0x00000000f0000000, 0x0000000100000000)
  region size 1024K, 6 young (6144K), 6 survivors (6144K)
 Metaspace       used 23226K, capacity 23718K, committed 23984K, reserved 1071104K
  class space    used 2344K, capacity 2543K, committed 2560K, reserved 1048576K
}
Event: 8.714 GC heap before
{Heap before GC invocations=9 (full 0):
 garbage-first heap   total 131072K, used 95158K [0x00000000f0000000, 0x0000000100000000)
  region size 1024K, 69 young (70656K), 6 survivors (6144K)
 Metaspace       used 31550K, capacity 32292K, committed 32432K, reserved 1079296K
  class space    used 3292K, capacity 3577K, committed 3584K, reserved 1048576K
}
Event: 8.738 GC heap after
{Heap after GC invocations=10 (full 0):
 garbage-first heap   total 131072K, used 47104K [0x00000000f0000000, 0x0000000100000000)
  region size 1024K, 9 young (9216K), 9 survivors (9216K)
 Metaspace       used 31550K, capacity 32292K, committed 32432K, reserved 1079296K
  class space    used 3292K, capacity 3577K, committed 3584K, reserved 1048576K
}
Event: 9.647 GC heap before
{Heap before GC invocations=10 (full 0):
 garbage-first heap   total 131072K, used 93184K [0x00000000f0000000, 0x0000000100000000)
  region size 1024K, 55 young (56320K), 9 survivors (9216K)
 Metaspace       used 33876K, capacity 34753K, committed 34992K, reserved 1081344K
  class space    used 3533K, capacity 3821K, committed 3840K, reserved 1048576K
}
Event: 9.664 GC heap after
{Heap after GC invocations=11 (full 0):
 garbage-first heap   total 131072K, used 53217K [0x00000000f0000000, 0x0000000100000000)
  region size 1024K, 6 young (6144K), 6 survivors (6144K)
 Metaspace       used 33876K, capacity 34753K, committed 34992K, reserved 1081344K
  class space    used 3533K, capacity 3821K, committed 3840K, reserved 1048576K
}
Event: 9.865 GC heap before
{Heap before GC invocations=11 (full 0):
 garbage-first heap   total 131072K, used 58337K [0x00000000f0000000, 0x0000000100000000)
  region size 1024K, 12 young (12288K), 6 survivors (6144K)
 Metaspace       used 34816K, capacity 35698K, committed 35888K, reserved 1081344K
  class space    used 3648K, capacity 3944K, committed 3968K, reserved 1048576K
}
Event: 9.873 GC heap after
{Heap after GC invocations=12 (full 0):
 garbage-first heap   total 131072K, used 54272K [0x00000000f0000000, 0x0000000100000000)
  region size 1024K, 1 young (1024K), 1 survivors (1024K)
 Metaspace       used 34816K, capacity 35698K, committed 35888K, reserved 1081344K
  class space    used 3648K, capacity 3944K, committed 3968K, reserved 1048576K
}
Event: 10.985 GC heap before
{Heap before GC invocations=13 (full 0):
 garbage-first heap   total 131072K, used 99328K [0x00000000f0000000, 0x0000000100000000)
  region size 1024K, 44 young (45056K), 1 survivors (1024K)
 Metaspace       used 35075K, capacity 35892K, committed 36016K, reserved 1081344K
  class space    used 3659K, capacity 3982K, committed 4096K, reserved 1048576K
}
Event: 10.996 GC heap after
{Heap after GC invocations=14 (full 0):
 garbage-first heap   total 131072K, used 65536K [0x00000000f0000000, 0x0000000100000000)
  region size 1024K, 6 young (6144K), 6 survivors (6144K)
 Metaspace       used 35075K, capacity 35892K, committed 36016K, reserved 1081344K
  class space    used 3659K, capacity 3982K, committed 4096K, reserved 1048576K
}
Event: 11.524 GC heap before
{Heap before GC invocations=14 (full 0):
 garbage-first heap   total 131072K, used 99328K [0x00000000f0000000, 0x0000000100000000)
  region size 1024K, 39 young (39936K), 6 survivors (6144K)
 Metaspace       used 35120K, capacity 35956K, committed 36272K, reserved 1081344K
  class space    used 3659K, capacity 3982K, committed 4096K, reserved 1048576K
}
Event: 11.538 GC heap after
{Heap after GC invocations=15 (full 0):
 garbage-first heap   total 131072K, used 75103K [0x00000000f0000000, 0x0000000100000000)
  region size 1024K, 5 young (5120K), 5 survivors (5120K)
 Metaspace       used 35120K, capacity 35956K, committed 36272K, reserved 1081344K
  class space    used 3659K, capacity 3982K, committed 4096K, reserved 1048576K
}

