# JRE version: OpenJDK Runtime Environment Temurin-11.0.30+7 (11.0.30+7) (build 11.0.30+7)
# Java VM: OpenJDK 64-Bit Server VM Temurin-11.0.30+7 (11.0.30+7, mixed mode, tiered, compressed oops, g1 gc, windows-amd64)
Heap:
 garbage-first heap   total 157696K, used 23335K [0x0000000081c00000, 0x0000000100000000)
  region size 1024K, 6 young (6144K), 6 survivors (6144K)
 Metaspace       used 21610K, capacity 22025K, committed 22320K, reserved 1069056K
  class space    used 2217K, capacity 2364K, committed 2432K, reserved 1048576K
GC Heap History (13 events):
Event: 1.073 GC heap before
{Heap before GC invocations=0 (full 0):
 garbage-first heap   total 131072K, used 13312K [0x0000000081c00000, 0x0000000100000000)
  region size 1024K, 14 young (14336K), 0 survivors (0K)
 Metaspace       used 11603K, capacity 11858K, committed 12032K, reserved 1060864K
  class space    used 1075K, capacity 1167K, committed 1280K, reserved 1048576K
}
Event: 1.079 GC heap after
{Heap after GC invocations=1 (full 0):
 garbage-first heap   total 131072K, used 3232K [0x0000000081c00000, 0x0000000100000000)
  region size 1024K, 2 young (2048K), 2 survivors (2048K)
 Metaspace       used 11603K, capacity 11858K, committed 12032K, reserved 1060864K
  class space    used 1075K, capacity 1167K, committed 1280K, reserved 1048576K
}
Event: 1.319 GC heap before
{Heap before GC invocations=1 (full 0):
 garbage-first heap   total 131072K, used 11424K [0x0000000081c00000, 0x0000000100000000)
  region size 1024K, 10 young (10240K), 2 survivors (2048K)
 Metaspace       used 13366K, capacity 13598K, committed 13824K, reserved 1060864K
  class space    used 1319K, capacity 1427K, committed 1536K, reserved 1048576K
}
Event: 1.324 GC heap after
{Heap after GC invocations=2 (full 0):
 garbage-first heap   total 131072K, used 3850K [0x0000000081c00000, 0x0000000100000000)
  region size 1024K, 1 young (1024K), 1 survivors (1024K)
 Metaspace       used 13366K, capacity 13598K, committed 13824K, reserved 1060864K
  class space    used 1319K, capacity 1427K, committed 1536K, reserved 1048576K
}
Event: 1.887 GC heap before
{Heap before GC invocations=2 (full 0):
 garbage-first heap   total 131072K, used 30474K [0x0000000081c00000, 0x0000000100000000)
  region size 1024K, 27 young (27648K), 1 survivors (1024K)
 Metaspace       used 16189K, capacity 16516K, committed 16768K, reserved 1064960K
  class space    used 1673K, capacity 1823K, committed 1920K, reserved 1048576K
}
Event: 1.890 GC heap after
{Heap after GC invocations=3 (full 0):
 garbage-first heap   total 131072K, used 4660K [0x0000000081c00000, 0x0000000100000000)
  region size 1024K, 2 young (2048K), 2 survivors (2048K)
 Metaspace       used 16189K, capacity 16516K, committed 16768K, reserved 1064960K
  class space    used 1673K, capacity 1823K, committed 1920K, reserved 1048576K
}
Event: 3.127 GC heap before
{Heap before GC invocations=3 (full 0):
 garbage-first heap   total 131072K, used 55860K [0x0000000081c00000, 0x0000000100000000)
  region size 1024K, 52 young (53248K), 2 survivors (2048K)
 Metaspace       used 20642K, capacity 20999K, committed 21120K, reserved 1069056K
  class space    used 2176K, capacity 2322K, committed 2432K, reserved 1048576K
}
Event: 3.148 GC heap after
{Heap after GC invocations=4 (full 0):
 garbage-first heap   total 131072K, used 10649K [0x0000000081c00000, 0x0000000100000000)
  region size 1024K, 7 young (7168K), 7 survivors (7168K)
 Metaspace       used 20642K, capacity 20999K, committed 21120K, reserved 1069056K
  class space    used 2176K, capacity 2322K, committed 2432K, reserved 1048576K
}
Event: 3.225 GC heap before
{Heap before GC invocations=4 (full 0):
 garbage-first heap   total 131072K, used 19865K [0x0000000081c00000, 0x0000000100000000)
  region size 1024K, 17 young (17408K), 7 survivors (7168K)
 Metaspace       used 20786K, capacity 21127K, committed 21296K, reserved 1069056K
  class space    used 2178K, capacity 2322K, committed 2432K, reserved 1048576K
}
Event: 3.242 GC heap after
{Heap after GC invocations=5 (full 0):
 garbage-first heap   total 131072K, used 12673K [0x0000000081c00000, 0x0000000100000000)
  region size 1024K, 3 young (3072K), 3 survivors (3072K)
 Metaspace       used 20786K, capacity 21127K, committed 21296K, reserved 1069056K
  class space    used 2178K, capacity 2322K, committed 2432K, reserved 1048576K
}
Event: 3.927 GC heap before
{Heap before GC invocations=6 (full 0):
 garbage-first heap   total 131072K, used 67969K [0x0000000081c00000, 0x0000000100000000)
  region size 1024K, 57 young (58368K), 3 survivors (3072K)
 Metaspace       used 21338K, capacity 21698K, committed 22064K, reserved 1069056K
  class space    used 2215K, capacity 2362K, committed 2432K, reserved 1048576K
}
Event: 3.940 GC heap after
{Heap after GC invocations=7 (full 0):
 garbage-first heap   total 131072K, used 17610K [0x0000000081c00000, 0x0000000100000000)
  region size 1024K, 8 young (8192K), 8 survivors (8192K)
 Metaspace       used 21338K, capacity 21698K, committed 22064K, reserved 1069056K
  class space    used 2215K, capacity 2362K, committed 2432K, reserved 1048576K
}
Event: 4.534 GC heap before
{Heap before GC invocations=7 (full 0):
 garbage-first heap   total 131072K, used 77002K [0x0000000081c00000, 0x0000000100000000)
  region size 1024K, 66 young (67584K), 8 survivors (8192K)
 Metaspace       used 21610K, capacity 22025K, committed 22320K, reserved 1069056K
  class space    used 2217K, capacity 2364K, committed 2432K, reserved 1048576K
}

