# JRE version: OpenJDK Runtime Environment Temurin-11.0.30+7 (11.0.30+7) (build 11.0.30+7)
# Java VM: OpenJDK 64-Bit Server VM Temurin-11.0.30+7 (11.0.30+7, mixed mode, tiered, compressed oops, g1 gc, windows-amd64)
Heap:
 garbage-first heap   total 157696K, used 65548K [0x0000000081c00000, 0x0000000100000000)
  region size 1024K, 41 young (41984K), 6 survivors (6144K)
 Metaspace       used 31527K, capacity 32171K, committed 32176K, reserved 1077248K
  class space    used 3293K, capacity 3579K, committed 3584K, reserved 1048576K
GC Heap History (16 events):
Event: 0.946 GC heap before
{Heap before GC invocations=0 (full 0):
 garbage-first heap   total 131072K, used 13312K [0x0000000081c00000, 0x0000000100000000)
  region size 1024K, 14 young (14336K), 0 survivors (0K)
 Metaspace       used 11584K, capacity 11858K, committed 12032K, reserved 1060864K
  class space    used 1073K, capacity 1167K, committed 1280K, reserved 1048576K
}
Event: 0.952 GC heap after
{Heap after GC invocations=1 (full 0):
 garbage-first heap   total 131072K, used 3212K [0x0000000081c00000, 0x0000000100000000)
  region size 1024K, 2 young (2048K), 2 survivors (2048K)
 Metaspace       used 11584K, capacity 11858K, committed 12032K, reserved 1060864K
  class space    used 1073K, capacity 1167K, committed 1280K, reserved 1048576K
}
Event: 1.169 GC heap before
{Heap before GC invocations=1 (full 0):
 garbage-first heap   total 131072K, used 10380K [0x0000000081c00000, 0x0000000100000000)
  region size 1024K, 9 young (9216K), 2 survivors (2048K)
 Metaspace       used 13307K, capacity 13534K, committed 13824K, reserved 1060864K
  class space    used 1310K, capacity 1427K, committed 1536K, reserved 1048576K
}
Event: 1.173 GC heap after
{Heap after GC invocations=2 (full 0):
 garbage-first heap   total 131072K, used 3829K [0x0000000081c00000, 0x0000000100000000)
  region size 1024K, 1 young (1024K), 1 survivors (1024K)
 Metaspace       used 13307K, capacity 13534K, committed 13824K, reserved 1060864K
  class space    used 1310K, capacity 1427K, committed 1536K, reserved 1048576K
}
Event: 1.811 GC heap before
{Heap before GC invocations=2 (full 0):
 garbage-first heap   total 131072K, used 28405K [0x0000000081c00000, 0x0000000100000000)
  region size 1024K, 26 young (26624K), 1 survivors (1024K)
 Metaspace       used 15982K, capacity 16228K, committed 16384K, reserved 1064960K
  class space    used 1646K, capacity 1791K, committed 1792K, reserved 1048576K
}
Event: 1.814 GC heap after
{Heap after GC invocations=3 (full 0):
 garbage-first heap   total 131072K, used 4453K [0x0000000081c00000, 0x0000000100000000)
  region size 1024K, 2 young (2048K), 2 survivors (2048K)
 Metaspace       used 15982K, capacity 16228K, committed 16384K, reserved 1064960K
  class space    used 1646K, capacity 1791K, committed 1792K, reserved 1048576K
}
Event: 3.120 GC heap before
{Heap before GC invocations=3 (full 0):
 garbage-first heap   total 131072K, used 56677K [0x0000000081c00000, 0x0000000100000000)
  region size 1024K, 53 young (54272K), 2 survivors (2048K)
 Metaspace       used 20655K, capacity 21064K, committed 21296K, reserved 1069056K
  class space    used 2175K, capacity 2322K, committed 2432K, reserved 1048576K
}
Event: 3.135 GC heap after
{Heap after GC invocations=4 (full 0):
 garbage-first heap   total 131072K, used 10491K [0x0000000081c00000, 0x0000000100000000)
  region size 1024K, 7 young (7168K), 7 survivors (7168K)
 Metaspace       used 20655K, capacity 21064K, committed 21296K, reserved 1069056K
  class space    used 2175K, capacity 2322K, committed 2432K, reserved 1048576K
}
Event: 3.210 GC heap before
{Heap before GC invocations=4 (full 0):
 garbage-first heap   total 131072K, used 20731K [0x0000000081c00000, 0x0000000100000000)
  region size 1024K, 18 young (18432K), 7 survivors (7168K)
 Metaspace       used 20780K, capacity 21128K, committed 21296K, reserved 1069056K
  class space    used 2176K, capacity 2322K, committed 2432K, reserved 1048576K
}
Event: 3.227 GC heap after
{Heap after GC invocations=5 (full 0):
 garbage-first heap   total 131072K, used 12439K [0x0000000081c00000, 0x0000000100000000)
  region size 1024K, 3 young (3072K), 3 survivors (3072K)
 Metaspace       used 20780K, capacity 21128K, committed 21296K, reserved 1069056K
  class space    used 2176K, capacity 2322K, committed 2432K, reserved 1048576K
}
Event: 3.907 GC heap before
{Heap before GC invocations=6 (full 0):
 garbage-first heap   total 131072K, used 65687K [0x0000000081c00000, 0x0000000100000000)
  region size 1024K, 55 young (56320K), 3 survivors (3072K)
 Metaspace       used 21360K, capacity 21704K, committed 21808K, reserved 1069056K
  class space    used 2217K, capacity 2364K, committed 2432K, reserved 1048576K
}
Event: 3.919 GC heap after
{Heap after GC invocations=7 (full 0):
 garbage-first heap   total 157696K, used 17408K [0x0000000081c00000, 0x0000000100000000)
  region size 1024K, 7 young (7168K), 7 survivors (7168K)
 Metaspace       used 21360K, capacity 21704K, committed 21808K, reserved 1069056K
  class space    used 2217K, capacity 2364K, committed 2432K, reserved 1048576K
}
Event: 4.852 GC heap before
{Heap before GC invocations=7 (full 0):
 garbage-first heap   total 157696K, used 93184K [0x0000000081c00000, 0x0000000100000000)
  region size 1024K, 81 young (82944K), 7 survivors (7168K)
 Metaspace       used 21821K, capacity 22223K, committed 22576K, reserved 1069056K
  class space    used 2219K, capacity 2366K, committed 2432K, reserved 1048576K
}
Event: 4.875 GC heap after
{Heap after GC invocations=8 (full 0):
 garbage-first heap   total 157696K, used 24658K [0x0000000081c00000, 0x0000000100000000)
  region size 1024K, 11 young (11264K), 11 survivors (11264K)
 Metaspace       used 21821K, capacity 22223K, committed 22576K, reserved 1069056K
  class space    used 2219K, capacity 2366K, committed 2432K, reserved 1048576K
}
Event: 7.313 GC heap before
{Heap before GC invocations=8 (full 0):
 garbage-first heap   total 157696K, used 100434K [0x0000000081c00000, 0x0000000100000000)
  region size 1024K, 84 young (86016K), 11 survivors (11264K)
 Metaspace       used 25395K, capacity 25986K, committed 26160K, reserved 1073152K
  class space    used 2587K, capacity 2834K, committed 2944K, reserved 1048576K
}
Event: 7.339 GC heap after
{Heap after GC invocations=9 (full 0):
 garbage-first heap   total 157696K, used 29708K [0x0000000081c00000, 0x0000000100000000)
  region size 1024K, 6 young (6144K), 6 survivors (6144K)
 Metaspace       used 25395K, capacity 25986K, committed 26160K, reserved 1073152K
  class space    used 2587K, capacity 2834K, committed 2944K, reserved 1048576K
}

