# JRE version: OpenJDK Runtime Environment Temurin-11.0.30+7 (11.0.30+7) (build 11.0.30+7)
# Java VM: OpenJDK 64-Bit Server VM Temurin-11.0.30+7 (11.0.30+7, mixed mode, tiered, compressed oops, g1 gc, windows-amd64)
Heap:
 garbage-first heap   total 189440K, used 57745K [0x0000000081c00000, 0x0000000100000000)
  region size 1024K, 9 young (9216K), 9 survivors (9216K)
 Metaspace       used 39447K, capacity 40362K, committed 40624K, reserved 1085440K
  class space    used 4229K, capacity 4552K, committed 4608K, reserved 1048576K
GC Heap History (20 events):
Event: 0.855 GC heap after
{Heap after GC invocations=1 (full 0):
 garbage-first heap   total 131072K, used 3206K [0x0000000081c00000, 0x0000000100000000)
  region size 1024K, 2 young (2048K), 2 survivors (2048K)
 Metaspace       used 11605K, capacity 11858K, committed 12032K, reserved 1060864K
  class space    used 1075K, capacity 1167K, committed 1280K, reserved 1048576K
}
Event: 0.983 GC heap before
{Heap before GC invocations=1 (full 0):
 garbage-first heap   total 131072K, used 8326K [0x0000000081c00000, 0x0000000100000000)
  region size 1024K, 7 young (7168K), 2 survivors (2048K)
 Metaspace       used 12800K, capacity 13051K, committed 13184K, reserved 1060864K
  class space    used 1243K, capacity 1330K, committed 1408K, reserved 1048576K
}
Event: 0.986 GC heap after
{Heap after GC invocations=2 (full 0):
 garbage-first heap   total 131072K, used 3509K [0x0000000081c00000, 0x0000000100000000)
  region size 1024K, 1 young (1024K), 1 survivors (1024K)
 Metaspace       used 12800K, capacity 13051K, committed 13184K, reserved 1060864K
  class space    used 1243K, capacity 1330K, committed 1408K, reserved 1048576K
}
Event: 1.398 GC heap before
{Heap before GC invocations=2 (full 0):
 garbage-first heap   total 131072K, used 27061K [0x0000000081c00000, 0x0000000100000000)
  region size 1024K, 24 young (24576K), 1 survivors (1024K)
 Metaspace       used 15232K, capacity 15548K, committed 15872K, reserved 1062912K
  class space    used 1548K, capacity 1691K, committed 1792K, reserved 1048576K
}
Event: 1.400 GC heap after
{Heap after GC invocations=3 (full 0):
 garbage-first heap   total 131072K, used 4285K [0x0000000081c00000, 0x0000000100000000)
  region size 1024K, 1 young (1024K), 1 survivors (1024K)
 Metaspace       used 15232K, capacity 15548K, committed 15872K, reserved 1062912K
  class space    used 1548K, capacity 1691K, committed 1792K, reserved 1048576K
}
Event: 2.676 GC heap before
{Heap before GC invocations=3 (full 0):
 garbage-first heap   total 131072K, used 68797K [0x0000000081c00000, 0x0000000100000000)
  region size 1024K, 64 young (65536K), 1 survivors (1024K)
 Metaspace       used 20766K, capacity 21127K, committed 21296K, reserved 1069056K
  class space    used 2177K, capacity 2322K, committed 2432K, reserved 1048576K
}
Event: 2.692 GC heap after
{Heap after GC invocations=4 (full 0):
 garbage-first heap   total 131072K, used 11858K [0x0000000081c00000, 0x0000000100000000)
  region size 1024K, 8 young (8192K), 8 survivors (8192K)
 Metaspace       used 20766K, capacity 21127K, committed 21296K, reserved 1069056K
  class space    used 2177K, capacity 2322K, committed 2432K, reserved 1048576K
}
Event: 2.868 GC heap before
{Heap before GC invocations=4 (full 0):
 garbage-first heap   total 131072K, used 13906K [0x0000000081c00000, 0x0000000100000000)
  region size 1024K, 11 young (11264K), 8 survivors (8192K)
 Metaspace       used 20803K, capacity 21127K, committed 21296K, reserved 1069056K
  class space    used 2177K, capacity 2322K, committed 2432K, reserved 1048576K
}
Event: 2.882 GC heap after
{Heap after GC invocations=5 (full 0):
 garbage-first heap   total 131072K, used 13058K [0x0000000081c00000, 0x0000000100000000)
  region size 1024K, 2 young (2048K), 2 survivors (2048K)
 Metaspace       used 20803K, capacity 21127K, committed 21296K, reserved 1069056K
  class space    used 2177K, capacity 2322K, committed 2432K, reserved 1048576K
}
Event: 3.607 GC heap before
{Heap before GC invocations=6 (full 0):
 garbage-first heap   total 131072K, used 57090K [0x0000000081c00000, 0x0000000100000000)
  region size 1024K, 45 young (46080K), 2 survivors (2048K)
 Metaspace       used 21318K, capacity 21689K, committed 21808K, reserved 1069056K
  class space    used 2214K, capacity 2359K, committed 2432K, reserved 1048576K
}
Event: 3.614 GC heap after
{Heap after GC invocations=7 (full 0):
 garbage-first heap   total 131072K, used 16731K [0x0000000081c00000, 0x0000000100000000)
  region size 1024K, 5 young (5120K), 5 survivors (5120K)
 Metaspace       used 21318K, capacity 21689K, committed 21808K, reserved 1069056K
  class space    used 2214K, capacity 2359K, committed 2432K, reserved 1048576K
}
Event: 4.074 GC heap before
{Heap before GC invocations=7 (full 0):
 garbage-first heap   total 131072K, used 65883K [0x0000000081c00000, 0x0000000100000000)
  region size 1024K, 53 young (54272K), 5 survivors (5120K)
 Metaspace       used 21598K, capacity 21967K, committed 22320K, reserved 1069056K
  class space    used 2221K, capacity 2366K, committed 2432K, reserved 1048576K
}
Event: 4.088 GC heap after
{Heap after GC invocations=8 (full 0):
 garbage-first heap   total 157696K, used 21508K [0x0000000081c00000, 0x0000000100000000)
  region size 1024K, 5 young (5120K), 5 survivors (5120K)
 Metaspace       used 21598K, capacity 21967K, committed 22320K, reserved 1069056K
  class space    used 2221K, capacity 2366K, committed 2432K, reserved 1048576K
}
Event: 4.640 GC heap before
{Heap before GC invocations=8 (full 0):
 garbage-first heap   total 157696K, used 81924K [0x0000000081c00000, 0x0000000100000000)
  region size 1024K, 64 young (65536K), 5 survivors (5120K)
 Metaspace       used 21886K, capacity 22288K, committed 22576K, reserved 1069056K
  class space    used 2221K, capacity 2366K, committed 2432K, reserved 1048576K
}
Event: 4.653 GC heap after
{Heap after GC invocations=9 (full 0):
 garbage-first heap   total 157696K, used 26682K [0x0000000081c00000, 0x0000000100000000)
  region size 1024K, 6 young (6144K), 6 survivors (6144K)
 Metaspace       used 21886K, capacity 22288K, committed 22576K, reserved 1069056K
  class space    used 2221K, capacity 2366K, committed 2432K, reserved 1048576K
}
Event: 7.611 GC heap before
{Heap before GC invocations=9 (full 0):
 garbage-first heap   total 157696K, used 89146K [0x0000000081c00000, 0x0000000100000000)
  region size 1024K, 67 young (68608K), 6 survivors (6144K)
 Metaspace       used 30475K, capacity 31052K, committed 31280K, reserved 1077248K
  class space    used 3222K, capacity 3424K, committed 3456K, reserved 1048576K
}
Event: 7.628 GC heap after
{Heap after GC invocations=10 (full 0):
 garbage-first heap   total 157696K, used 33583K [0x0000000081c00000, 0x0000000100000000)
  region size 1024K, 7 young (7168K), 7 survivors (7168K)
 Metaspace       used 30475K, capacity 31052K, committed 31280K, reserved 1077248K
  class space    used 3222K, capacity 3424K, committed 3456K, reserved 1048576K
}
Event: 8.880 GC heap before
{Heap before GC invocations=10 (full 0):
 garbage-first heap   total 157696K, used 83759K [0x0000000081c00000, 0x0000000100000000)
  region size 1024K, 56 young (57344K), 7 survivors (7168K)
 Metaspace       used 35105K, capacity 35779K, committed 35920K, reserved 1081344K
  class space    used 3772K, capacity 4025K, committed 4096K, reserved 1048576K
}
Event: 8.892 GC heap after
{Heap after GC invocations=11 (full 0):
 garbage-first heap   total 157696K, used 36267K [0x0000000081c00000, 0x0000000100000000)
  region size 1024K, 3 young (3072K), 3 survivors (3072K)
 Metaspace       used 35105K, capacity 35779K, committed 35920K, reserved 1081344K
  class space    used 3772K, capacity 4025K, committed 4096K, reserved 1048576K
}
Event: 10.106 GC heap before
{Heap before GC invocations=12 (full 0):
 garbage-first heap   total 157696K, used 100779K [0x0000000081c00000, 0x0000000100000000)
  region size 1024K, 65 young (66560K), 3 survivors (3072K)
 Metaspace       used 39447K, capacity 40362K, committed 40624K, reserved 1085440K
  class space    used 4229K, capacity 4552K, committed 4608K, reserved 1048576K
}

